Copyright 1986-2022 Xilinx, Inc. All Rights Reserved.
-------------------------------------------------------------------------------------------------------------------------------------------------------------------
| Tool Version     : Vivado v.2022.1 (lin64) Build 3526262 Mon Apr 18 15:47:01 MDT 2022
| Date             : Mon Nov 14 05:25:59 2022
| Host             : ubuntu running 64-bit Ubuntu 18.04.6 LTS
| Command          : report_power -file p2_ddr3_wrapper_power_routed.rpt -pb p2_ddr3_wrapper_power_summary_routed.pb -rpx p2_ddr3_wrapper_power_routed.rpx
| Design           : p2_ddr3_wrapper
| Device           : xc7z045ffg900-2
| Design State     : routed
| Grade            : commercial
| Process          : typical
| Characterization : Production
-------------------------------------------------------------------------------------------------------------------------------------------------------------------

Power Report

Table of Contents
-----------------
1. Summary
1.1 On-Chip Components
1.2 Power Supply Summary
1.3 Confidence Level
2. Settings
2.1 Environment
2.2 Clock Constraints
3. Detailed Reports
3.1 By Hierarchy

1. Summary
----------

+--------------------------+--------------+
| Total On-Chip Power (W)  | 2.846        |
| Design Power Budget (W)  | Unspecified* |
| Power Budget Margin (W)  | NA           |
| Dynamic (W)              | 2.621        |
| Device Static (W)        | 0.225        |
| Effective TJA (C/W)      | 1.8          |
| Max Ambient (C)          | 80.0         |
| Junction Temperature (C) | 30.0         |
| Confidence Level         | Low          |
| Setting File             | ---          |
| Simulation Activity File | ---          |
| Design Nets Matched      | NA           |
+--------------------------+--------------+
* Specify Design Power Budget using, set_operating_conditions -design_power_budget <value in Watts>


1.1 On-Chip Components
----------------------

+--------------------------+-----------+----------+-----------+-----------------+
| On-Chip                  | Power (W) | Used     | Available | Utilization (%) |
+--------------------------+-----------+----------+-----------+-----------------+
| Clocks                   |     0.225 |       52 |       --- |             --- |
| Slice Logic              |     0.110 |   224287 |       --- |             --- |
|   LUT as Logic           |     0.095 |   102620 |    218600 |           46.94 |
|   CARRY4                 |     0.005 |     5184 |     54650 |            9.49 |
|   LUT as Distributed RAM |     0.005 |     7764 |     70400 |           11.03 |
|   Register               |     0.004 |    70626 |    437200 |           16.15 |
|   LUT as Shift Register  |    <0.001 |     2471 |     70400 |            3.51 |
|   F7/F8 Muxes            |    <0.001 |     2243 |    218600 |            1.03 |
|   BUFG                   |    <0.001 |        1 |        32 |            3.13 |
|   Others                 |     0.000 |     3169 |       --- |             --- |
| Signals                  |     0.157 |   175208 |       --- |             --- |
| Block RAM                |     0.052 |       62 |       545 |           11.38 |
| MMCM                     |     0.215 |        2 |         8 |           25.00 |
| PLL                      |     0.133 |        1 |         8 |           12.50 |
| DSPs                     |     0.009 |       66 |       900 |            7.33 |
| I/O                      |     1.055 |      125 |       362 |           34.53 |
| PHASER                   |     0.661 |       44 |       --- |             --- |
| XADC                     |     0.004 |        1 |       --- |             --- |
| Static Power             |     0.225 |          |           |                 |
| Total                    |     2.846 |          |           |                 |
+--------------------------+-----------+----------+-----------+-----------------+


1.2 Power Supply Summary
------------------------

+-----------+-------------+-----------+-------------+------------+-------------+-------------+------------+
| Source    | Voltage (V) | Total (A) | Dynamic (A) | Static (A) | Powerup (A) | Budget (A)  | Margin (A) |
+-----------+-------------+-----------+-------------+------------+-------------+-------------+------------+
| Vccint    |       1.000 |     0.840 |       0.776 |      0.064 |       NA    | Unspecified | NA         |
| Vccaux    |       1.800 |     0.710 |       0.669 |      0.041 |       NA    | Unspecified | NA         |
| Vcco33    |       3.300 |     0.000 |       0.000 |      0.000 |       NA    | Unspecified | NA         |
| Vcco25    |       2.500 |     0.001 |       0.000 |      0.001 |       NA    | Unspecified | NA         |
| Vcco18    |       1.800 |     0.000 |       0.000 |      0.000 |       NA    | Unspecified | NA         |
| Vcco15    |       1.500 |     0.425 |       0.424 |      0.001 |       NA    | Unspecified | NA         |
| Vcco135   |       1.350 |     0.000 |       0.000 |      0.000 |       NA    | Unspecified | NA         |
| Vcco12    |       1.200 |     0.000 |       0.000 |      0.000 |       NA    | Unspecified | NA         |
| Vccaux_io |       1.800 |     0.000 |       0.000 |      0.000 |       NA    | Unspecified | NA         |
| Vccbram   |       1.000 |     0.007 |       0.002 |      0.004 |       NA    | Unspecified | NA         |
| MGTAVcc   |       1.000 |     0.000 |       0.000 |      0.000 |       NA    | Unspecified | NA         |
| MGTAVtt   |       1.200 |     0.000 |       0.000 |      0.000 |       NA    | Unspecified | NA         |
| MGTVccaux |       1.800 |     0.000 |       0.000 |      0.000 |       NA    | Unspecified | NA         |
| Vccpint   |       1.000 |     0.019 |       0.000 |      0.019 |       NA    | Unspecified | NA         |
| Vccpaux   |       1.800 |     0.010 |       0.000 |      0.010 |       NA    | Unspecified | NA         |
| Vccpll    |       1.800 |     0.003 |       0.000 |      0.003 |       NA    | Unspecified | NA         |
| Vcco_ddr  |       1.500 |     0.000 |       0.000 |      0.000 |       NA    | Unspecified | NA         |
| Vcco_mio0 |       1.800 |     0.000 |       0.000 |      0.000 |       NA    | Unspecified | NA         |
| Vcco_mio1 |       1.800 |     0.000 |       0.000 |      0.000 |       NA    | Unspecified | NA         |
| Vccadc    |       1.800 |     0.022 |       0.002 |      0.020 |       NA    | Unspecified | NA         |
+-----------+-------------+-----------+-------------+------------+-------------+-------------+------------+


1.3 Confidence Level
--------------------

+-----------------------------+------------+--------------------------------------------------------+------------------------------------------------------------------------------------------------------------+
| User Input Data             | Confidence | Details                                                | Action                                                                                                     |
+-----------------------------+------------+--------------------------------------------------------+------------------------------------------------------------------------------------------------------------+
| Design implementation state | High       | Design is routed                                       |                                                                                                            |
| Clock nodes activity        | High       | User specified more than 95% of clocks                 |                                                                                                            |
| I/O nodes activity          | Low        | More than 75% of inputs are missing user specification | Provide missing input activity with simulation results or by editing the "By Resource Type -> I/Os" view   |
| Internal nodes activity     | Medium     | User specified less than 25% of internal nodes         | Provide missing internal nodes activity with simulation results or by editing the "By Resource Type" views |
| Device models               | High       | Device models are Production                           |                                                                                                            |
|                             |            |                                                        |                                                                                                            |
| Overall confidence level    | Low        |                                                        |                                                                                                            |
+-----------------------------+------------+--------------------------------------------------------+------------------------------------------------------------------------------------------------------------+


2. Settings
-----------

2.1 Environment
---------------

+-----------------------+--------------------------+
| Ambient Temp (C)      | 25.0                     |
| ThetaJA (C/W)         | 1.8                      |
| Airflow (LFM)         | 250                      |
| Heat Sink             | medium (Medium Profile)  |
| ThetaSA (C/W)         | 3.3                      |
| Board Selection       | medium (10"x10")         |
| # of Board Layers     | 12to15 (12 to 15 Layers) |
| Board Temperature (C) | 25.0                     |
+-----------------------+--------------------------+


2.2 Clock Constraints
---------------------

+-----------------------------------------------------------------------------------------------------------------------------------------------------------+-------------------------------------------------------------------------------------------------------------------------------------------------------------------------------------------------------------------------------+-----------------+
| Clock                                                                                                                                                     | Domain                                                                                                                                                                                                                        | Constraint (ns) |
+-----------------------------------------------------------------------------------------------------------------------------------------------------------+-------------------------------------------------------------------------------------------------------------------------------------------------------------------------------------------------------------------------------+-----------------+
| clk_pll_i                                                                                                                                                 | p2_ddr3_i/mig_7series_0/u_p2_ddr3_mig_7series_0_0_mig/u_ddr3_infrastructure/clk_pll_i                                                                                                                                         |             5.0 |
| clk_ref_mmcm_400                                                                                                                                          | p2_ddr3_i/mig_7series_0/u_p2_ddr3_mig_7series_0_0_mig/u_iodelay_ctrl/clk_ref_mmcm_400                                                                                                                                         |             2.5 |
| dbg_hub/inst/BSCANID.u_xsdbm_id/SWITCH_N_EXT_BSCAN.bscan_inst/SERIES7_BSCAN.bscan_inst/TCK                                                                | dbg_hub/inst/BSCANID.u_xsdbm_id/SWITCH_N_EXT_BSCAN.bscan_inst/TCK                                                                                                                                                             |            33.0 |
| freq_refclk                                                                                                                                               | p2_ddr3_i/mig_7series_0/u_p2_ddr3_mig_7series_0_0_mig/u_ddr3_infrastructure/freq_refclk                                                                                                                                       |             1.3 |
| iserdes_clkdiv                                                                                                                                            | p2_ddr3_i/mig_7series_0/u_p2_ddr3_mig_7series_0_0_mig/u_memc_ui_top_axi/mem_intfc0/ddr_phy_top0/u_ddr_mc_phy_wrapper/u_ddr_mc_phy/ddr_phy_4lanes_0.u_ddr_phy_4lanes/ddr_byte_lane_A.ddr_byte_lane_A/iserdes_clkdiv            |             2.5 |
| iserdes_clkdiv_1                                                                                                                                          | p2_ddr3_i/mig_7series_0/u_p2_ddr3_mig_7series_0_0_mig/u_memc_ui_top_axi/mem_intfc0/ddr_phy_top0/u_ddr_mc_phy_wrapper/u_ddr_mc_phy/ddr_phy_4lanes_0.u_ddr_phy_4lanes/ddr_byte_lane_B.ddr_byte_lane_B/iserdes_clkdiv            |             2.5 |
| iserdes_clkdiv_2                                                                                                                                          | p2_ddr3_i/mig_7series_0/u_p2_ddr3_mig_7series_0_0_mig/u_memc_ui_top_axi/mem_intfc0/ddr_phy_top0/u_ddr_mc_phy_wrapper/u_ddr_mc_phy/ddr_phy_4lanes_0.u_ddr_phy_4lanes/ddr_byte_lane_C.ddr_byte_lane_C/iserdes_clkdiv            |             2.5 |
| iserdes_clkdiv_3                                                                                                                                          | p2_ddr3_i/mig_7series_0/u_p2_ddr3_mig_7series_0_0_mig/u_memc_ui_top_axi/mem_intfc0/ddr_phy_top0/u_ddr_mc_phy_wrapper/u_ddr_mc_phy/ddr_phy_4lanes_1.u_ddr_phy_4lanes/ddr_byte_lane_A.ddr_byte_lane_A/iserdes_clkdiv            |             2.5 |
| iserdes_clkdiv_4                                                                                                                                          | p2_ddr3_i/mig_7series_0/u_p2_ddr3_mig_7series_0_0_mig/u_memc_ui_top_axi/mem_intfc0/ddr_phy_top0/u_ddr_mc_phy_wrapper/u_ddr_mc_phy/ddr_phy_4lanes_2.u_ddr_phy_4lanes/ddr_byte_lane_A.ddr_byte_lane_A/iserdes_clkdiv            |             2.5 |
| iserdes_clkdiv_5                                                                                                                                          | p2_ddr3_i/mig_7series_0/u_p2_ddr3_mig_7series_0_0_mig/u_memc_ui_top_axi/mem_intfc0/ddr_phy_top0/u_ddr_mc_phy_wrapper/u_ddr_mc_phy/ddr_phy_4lanes_2.u_ddr_phy_4lanes/ddr_byte_lane_B.ddr_byte_lane_B/iserdes_clkdiv            |             2.5 |
| iserdes_clkdiv_6                                                                                                                                          | p2_ddr3_i/mig_7series_0/u_p2_ddr3_mig_7series_0_0_mig/u_memc_ui_top_axi/mem_intfc0/ddr_phy_top0/u_ddr_mc_phy_wrapper/u_ddr_mc_phy/ddr_phy_4lanes_2.u_ddr_phy_4lanes/ddr_byte_lane_C.ddr_byte_lane_C/iserdes_clkdiv            |             2.5 |
| iserdes_clkdiv_7                                                                                                                                          | p2_ddr3_i/mig_7series_0/u_p2_ddr3_mig_7series_0_0_mig/u_memc_ui_top_axi/mem_intfc0/ddr_phy_top0/u_ddr_mc_phy_wrapper/u_ddr_mc_phy/ddr_phy_4lanes_2.u_ddr_phy_4lanes/ddr_byte_lane_D.ddr_byte_lane_D/iserdes_clkdiv            |             2.5 |
| mem_refclk                                                                                                                                                | p2_ddr3_i/mig_7series_0/u_p2_ddr3_mig_7series_0_0_mig/u_ddr3_infrastructure/mem_refclk                                                                                                                                        |             1.2 |
| mmcm_clkfbout                                                                                                                                             | p2_ddr3_i/mig_7series_0/u_p2_ddr3_mig_7series_0_0_mig/u_iodelay_ctrl/mmcm_clkfbout                                                                                                                                            |             5.0 |
| mmcm_clkout0                                                                                                                                              | p2_ddr3_i/mig_7series_0/u_p2_ddr3_mig_7series_0_0_mig/u_ddr3_infrastructure/mmcm_clkout0                                                                                                                                      |            20.0 |
| mmcm_ps_clk_bufg_in                                                                                                                                       | p2_ddr3_i/mig_7series_0/u_p2_ddr3_mig_7series_0_0_mig/u_ddr3_infrastructure/mmcm_ps_clk_bufg_in                                                                                                                               |            10.0 |
| oserdes_clk                                                                                                                                               | p2_ddr3_i/mig_7series_0/u_p2_ddr3_mig_7series_0_0_mig/u_memc_ui_top_axi/mem_intfc0/ddr_phy_top0/u_ddr_mc_phy_wrapper/u_ddr_mc_phy/ddr_phy_4lanes_0.u_ddr_phy_4lanes/ddr_byte_lane_A.ddr_byte_lane_A/oserdes_clk               |             1.2 |
| oserdes_clk_1                                                                                                                                             | p2_ddr3_i/mig_7series_0/u_p2_ddr3_mig_7series_0_0_mig/u_memc_ui_top_axi/mem_intfc0/ddr_phy_top0/u_ddr_mc_phy_wrapper/u_ddr_mc_phy/ddr_phy_4lanes_0.u_ddr_phy_4lanes/ddr_byte_lane_B.ddr_byte_lane_B/oserdes_clk               |             1.2 |
| oserdes_clk_10                                                                                                                                            | p2_ddr3_i/mig_7series_0/u_p2_ddr3_mig_7series_0_0_mig/u_memc_ui_top_axi/mem_intfc0/ddr_phy_top0/u_ddr_mc_phy_wrapper/u_ddr_mc_phy/ddr_phy_4lanes_2.u_ddr_phy_4lanes/ddr_byte_lane_D.ddr_byte_lane_D/oserdes_clk               |             1.2 |
| oserdes_clk_2                                                                                                                                             | p2_ddr3_i/mig_7series_0/u_p2_ddr3_mig_7series_0_0_mig/u_memc_ui_top_axi/mem_intfc0/ddr_phy_top0/u_ddr_mc_phy_wrapper/u_ddr_mc_phy/ddr_phy_4lanes_0.u_ddr_phy_4lanes/ddr_byte_lane_C.ddr_byte_lane_C/oserdes_clk               |             1.2 |
| oserdes_clk_3                                                                                                                                             | p2_ddr3_i/mig_7series_0/u_p2_ddr3_mig_7series_0_0_mig/u_memc_ui_top_axi/mem_intfc0/ddr_phy_top0/u_ddr_mc_phy_wrapper/u_ddr_mc_phy/ddr_phy_4lanes_1.u_ddr_phy_4lanes/ddr_byte_lane_A.ddr_byte_lane_A/oserdes_clk               |             1.2 |
| oserdes_clk_4                                                                                                                                             | p2_ddr3_i/mig_7series_0/u_p2_ddr3_mig_7series_0_0_mig/u_memc_ui_top_axi/mem_intfc0/ddr_phy_top0/u_ddr_mc_phy_wrapper/u_ddr_mc_phy/ddr_phy_4lanes_1.u_ddr_phy_4lanes/ddr_byte_lane_B.ddr_byte_lane_B/oserdes_clk               |             1.2 |
| oserdes_clk_5                                                                                                                                             | p2_ddr3_i/mig_7series_0/u_p2_ddr3_mig_7series_0_0_mig/u_memc_ui_top_axi/mem_intfc0/ddr_phy_top0/u_ddr_mc_phy_wrapper/u_ddr_mc_phy/ddr_phy_4lanes_1.u_ddr_phy_4lanes/ddr_byte_lane_C.ddr_byte_lane_C/oserdes_clk               |             1.2 |
| oserdes_clk_6                                                                                                                                             | p2_ddr3_i/mig_7series_0/u_p2_ddr3_mig_7series_0_0_mig/u_memc_ui_top_axi/mem_intfc0/ddr_phy_top0/u_ddr_mc_phy_wrapper/u_ddr_mc_phy/ddr_phy_4lanes_1.u_ddr_phy_4lanes/ddr_byte_lane_D.ddr_byte_lane_D/oserdes_clk               |             1.2 |
| oserdes_clk_7                                                                                                                                             | p2_ddr3_i/mig_7series_0/u_p2_ddr3_mig_7series_0_0_mig/u_memc_ui_top_axi/mem_intfc0/ddr_phy_top0/u_ddr_mc_phy_wrapper/u_ddr_mc_phy/ddr_phy_4lanes_2.u_ddr_phy_4lanes/ddr_byte_lane_A.ddr_byte_lane_A/oserdes_clk               |             1.2 |
| oserdes_clk_8                                                                                                                                             | p2_ddr3_i/mig_7series_0/u_p2_ddr3_mig_7series_0_0_mig/u_memc_ui_top_axi/mem_intfc0/ddr_phy_top0/u_ddr_mc_phy_wrapper/u_ddr_mc_phy/ddr_phy_4lanes_2.u_ddr_phy_4lanes/ddr_byte_lane_B.ddr_byte_lane_B/oserdes_clk               |             1.2 |
| oserdes_clk_9                                                                                                                                             | p2_ddr3_i/mig_7series_0/u_p2_ddr3_mig_7series_0_0_mig/u_memc_ui_top_axi/mem_intfc0/ddr_phy_top0/u_ddr_mc_phy_wrapper/u_ddr_mc_phy/ddr_phy_4lanes_2.u_ddr_phy_4lanes/ddr_byte_lane_C.ddr_byte_lane_C/oserdes_clk               |             1.2 |
| oserdes_clkdiv                                                                                                                                            | p2_ddr3_i/mig_7series_0/u_p2_ddr3_mig_7series_0_0_mig/u_memc_ui_top_axi/mem_intfc0/ddr_phy_top0/u_ddr_mc_phy_wrapper/u_ddr_mc_phy/ddr_phy_4lanes_0.u_ddr_phy_4lanes/ddr_byte_lane_A.ddr_byte_lane_A/oserdes_clkdiv            |             2.5 |
| oserdes_clkdiv_1                                                                                                                                          | p2_ddr3_i/mig_7series_0/u_p2_ddr3_mig_7series_0_0_mig/u_memc_ui_top_axi/mem_intfc0/ddr_phy_top0/u_ddr_mc_phy_wrapper/u_ddr_mc_phy/ddr_phy_4lanes_0.u_ddr_phy_4lanes/ddr_byte_lane_B.ddr_byte_lane_B/oserdes_clkdiv            |             2.5 |
| oserdes_clkdiv_10                                                                                                                                         | p2_ddr3_i/mig_7series_0/u_p2_ddr3_mig_7series_0_0_mig/u_memc_ui_top_axi/mem_intfc0/ddr_phy_top0/u_ddr_mc_phy_wrapper/u_ddr_mc_phy/ddr_phy_4lanes_2.u_ddr_phy_4lanes/ddr_byte_lane_D.ddr_byte_lane_D/oserdes_clkdiv            |             2.5 |
| oserdes_clkdiv_2                                                                                                                                          | p2_ddr3_i/mig_7series_0/u_p2_ddr3_mig_7series_0_0_mig/u_memc_ui_top_axi/mem_intfc0/ddr_phy_top0/u_ddr_mc_phy_wrapper/u_ddr_mc_phy/ddr_phy_4lanes_0.u_ddr_phy_4lanes/ddr_byte_lane_C.ddr_byte_lane_C/oserdes_clkdiv            |             2.5 |
| oserdes_clkdiv_3                                                                                                                                          | p2_ddr3_i/mig_7series_0/u_p2_ddr3_mig_7series_0_0_mig/u_memc_ui_top_axi/mem_intfc0/ddr_phy_top0/u_ddr_mc_phy_wrapper/u_ddr_mc_phy/ddr_phy_4lanes_1.u_ddr_phy_4lanes/ddr_byte_lane_A.ddr_byte_lane_A/oserdes_clkdiv            |             2.5 |
| oserdes_clkdiv_4                                                                                                                                          | p2_ddr3_i/mig_7series_0/u_p2_ddr3_mig_7series_0_0_mig/u_memc_ui_top_axi/mem_intfc0/ddr_phy_top0/u_ddr_mc_phy_wrapper/u_ddr_mc_phy/ddr_phy_4lanes_1.u_ddr_phy_4lanes/ddr_byte_lane_B.ddr_byte_lane_B/oserdes_clkdiv            |             5.0 |
| oserdes_clkdiv_5                                                                                                                                          | p2_ddr3_i/mig_7series_0/u_p2_ddr3_mig_7series_0_0_mig/u_memc_ui_top_axi/mem_intfc0/ddr_phy_top0/u_ddr_mc_phy_wrapper/u_ddr_mc_phy/ddr_phy_4lanes_1.u_ddr_phy_4lanes/ddr_byte_lane_C.ddr_byte_lane_C/oserdes_clkdiv            |             5.0 |
| oserdes_clkdiv_6                                                                                                                                          | p2_ddr3_i/mig_7series_0/u_p2_ddr3_mig_7series_0_0_mig/u_memc_ui_top_axi/mem_intfc0/ddr_phy_top0/u_ddr_mc_phy_wrapper/u_ddr_mc_phy/ddr_phy_4lanes_1.u_ddr_phy_4lanes/ddr_byte_lane_D.ddr_byte_lane_D/oserdes_clkdiv            |             5.0 |
| oserdes_clkdiv_7                                                                                                                                          | p2_ddr3_i/mig_7series_0/u_p2_ddr3_mig_7series_0_0_mig/u_memc_ui_top_axi/mem_intfc0/ddr_phy_top0/u_ddr_mc_phy_wrapper/u_ddr_mc_phy/ddr_phy_4lanes_2.u_ddr_phy_4lanes/ddr_byte_lane_A.ddr_byte_lane_A/oserdes_clkdiv            |             2.5 |
| oserdes_clkdiv_8                                                                                                                                          | p2_ddr3_i/mig_7series_0/u_p2_ddr3_mig_7series_0_0_mig/u_memc_ui_top_axi/mem_intfc0/ddr_phy_top0/u_ddr_mc_phy_wrapper/u_ddr_mc_phy/ddr_phy_4lanes_2.u_ddr_phy_4lanes/ddr_byte_lane_B.ddr_byte_lane_B/oserdes_clkdiv            |             2.5 |
| oserdes_clkdiv_9                                                                                                                                          | p2_ddr3_i/mig_7series_0/u_p2_ddr3_mig_7series_0_0_mig/u_memc_ui_top_axi/mem_intfc0/ddr_phy_top0/u_ddr_mc_phy_wrapper/u_ddr_mc_phy/ddr_phy_4lanes_2.u_ddr_phy_4lanes/ddr_byte_lane_C.ddr_byte_lane_C/oserdes_clkdiv            |             2.5 |
| pll_clk3_out                                                                                                                                              | p2_ddr3_i/mig_7series_0/u_p2_ddr3_mig_7series_0_0_mig/u_ddr3_infrastructure/pll_clk3_out                                                                                                                                      |             5.0 |
| pll_clkfbout                                                                                                                                              | p2_ddr3_i/mig_7series_0/u_p2_ddr3_mig_7series_0_0_mig/u_ddr3_infrastructure/pll_clkfbout                                                                                                                                      |             5.0 |
| sync_pulse                                                                                                                                                | p2_ddr3_i/mig_7series_0/u_p2_ddr3_mig_7series_0_0_mig/u_ddr3_infrastructure/sync_pulse                                                                                                                                        |            20.0 |
| sys_diff_clock_clk_p                                                                                                                                      | sys_diff_clock_clk_p                                                                                                                                                                                                          |             5.0 |
| u_memc_ui_top_axi/mem_intfc0/ddr_phy_top0/u_ddr_mc_phy_wrapper/u_ddr_mc_phy/ddr_phy_4lanes_0.u_ddr_phy_4lanes/ddr_byte_lane_A.ddr_byte_lane_A/iserdes_clk | p2_ddr3_i/mig_7series_0/u_p2_ddr3_mig_7series_0_0_mig/u_memc_ui_top_axi/mem_intfc0/ddr_phy_top0/u_ddr_mc_phy_wrapper/u_ddr_mc_phy/ddr_phy_4lanes_0.u_ddr_phy_4lanes/ddr_byte_lane_A.ddr_byte_lane_A/phaser_in_gen.phaser_in_0 |             1.3 |
| u_memc_ui_top_axi/mem_intfc0/ddr_phy_top0/u_ddr_mc_phy_wrapper/u_ddr_mc_phy/ddr_phy_4lanes_0.u_ddr_phy_4lanes/ddr_byte_lane_B.ddr_byte_lane_B/iserdes_clk | p2_ddr3_i/mig_7series_0/u_p2_ddr3_mig_7series_0_0_mig/u_memc_ui_top_axi/mem_intfc0/ddr_phy_top0/u_ddr_mc_phy_wrapper/u_ddr_mc_phy/ddr_phy_4lanes_0.u_ddr_phy_4lanes/ddr_byte_lane_B.ddr_byte_lane_B/phaser_in_gen.phaser_in_0 |             1.3 |
| u_memc_ui_top_axi/mem_intfc0/ddr_phy_top0/u_ddr_mc_phy_wrapper/u_ddr_mc_phy/ddr_phy_4lanes_0.u_ddr_phy_4lanes/ddr_byte_lane_C.ddr_byte_lane_C/iserdes_clk | p2_ddr3_i/mig_7series_0/u_p2_ddr3_mig_7series_0_0_mig/u_memc_ui_top_axi/mem_intfc0/ddr_phy_top0/u_ddr_mc_phy_wrapper/u_ddr_mc_phy/ddr_phy_4lanes_0.u_ddr_phy_4lanes/ddr_byte_lane_C.ddr_byte_lane_C/phaser_in_gen.phaser_in_0 |             1.3 |
| u_memc_ui_top_axi/mem_intfc0/ddr_phy_top0/u_ddr_mc_phy_wrapper/u_ddr_mc_phy/ddr_phy_4lanes_1.u_ddr_phy_4lanes/ddr_byte_lane_A.ddr_byte_lane_A/iserdes_clk | p2_ddr3_i/mig_7series_0/u_p2_ddr3_mig_7series_0_0_mig/u_memc_ui_top_axi/mem_intfc0/ddr_phy_top0/u_ddr_mc_phy_wrapper/u_ddr_mc_phy/ddr_phy_4lanes_1.u_ddr_phy_4lanes/ddr_byte_lane_A.ddr_byte_lane_A/phaser_in_gen.phaser_in_0 |             1.3 |
| u_memc_ui_top_axi/mem_intfc0/ddr_phy_top0/u_ddr_mc_phy_wrapper/u_ddr_mc_phy/ddr_phy_4lanes_2.u_ddr_phy_4lanes/ddr_byte_lane_A.ddr_byte_lane_A/iserdes_clk | p2_ddr3_i/mig_7series_0/u_p2_ddr3_mig_7series_0_0_mig/u_memc_ui_top_axi/mem_intfc0/ddr_phy_top0/u_ddr_mc_phy_wrapper/u_ddr_mc_phy/ddr_phy_4lanes_2.u_ddr_phy_4lanes/ddr_byte_lane_A.ddr_byte_lane_A/phaser_in_gen.phaser_in_0 |             1.3 |
| u_memc_ui_top_axi/mem_intfc0/ddr_phy_top0/u_ddr_mc_phy_wrapper/u_ddr_mc_phy/ddr_phy_4lanes_2.u_ddr_phy_4lanes/ddr_byte_lane_B.ddr_byte_lane_B/iserdes_clk | p2_ddr3_i/mig_7series_0/u_p2_ddr3_mig_7series_0_0_mig/u_memc_ui_top_axi/mem_intfc0/ddr_phy_top0/u_ddr_mc_phy_wrapper/u_ddr_mc_phy/ddr_phy_4lanes_2.u_ddr_phy_4lanes/ddr_byte_lane_B.ddr_byte_lane_B/phaser_in_gen.phaser_in_0 |             1.3 |
| u_memc_ui_top_axi/mem_intfc0/ddr_phy_top0/u_ddr_mc_phy_wrapper/u_ddr_mc_phy/ddr_phy_4lanes_2.u_ddr_phy_4lanes/ddr_byte_lane_C.ddr_byte_lane_C/iserdes_clk | p2_ddr3_i/mig_7series_0/u_p2_ddr3_mig_7series_0_0_mig/u_memc_ui_top_axi/mem_intfc0/ddr_phy_top0/u_ddr_mc_phy_wrapper/u_ddr_mc_phy/ddr_phy_4lanes_2.u_ddr_phy_4lanes/ddr_byte_lane_C.ddr_byte_lane_C/phaser_in_gen.phaser_in_0 |             1.3 |
| u_memc_ui_top_axi/mem_intfc0/ddr_phy_top0/u_ddr_mc_phy_wrapper/u_ddr_mc_phy/ddr_phy_4lanes_2.u_ddr_phy_4lanes/ddr_byte_lane_D.ddr_byte_lane_D/iserdes_clk | p2_ddr3_i/mig_7series_0/u_p2_ddr3_mig_7series_0_0_mig/u_memc_ui_top_axi/mem_intfc0/ddr_phy_top0/u_ddr_mc_phy_wrapper/u_ddr_mc_phy/ddr_phy_4lanes_2.u_ddr_phy_4lanes/ddr_byte_lane_D.ddr_byte_lane_D/phaser_in_gen.phaser_in_0 |             1.3 |
+-----------------------------------------------------------------------------------------------------------------------------------------------------------+-------------------------------------------------------------------------------------------------------------------------------------------------------------------------------------------------------------------------------+-----------------+


3. Detailed Reports
-------------------

3.1 By Hierarchy
----------------

+-------------------------------------+-----------+
| Name                                | Power (W) |
+-------------------------------------+-----------+
| p2_ddr3_wrapper                     |     2.621 |
|   dbg_hub                           |     0.002 |
|     inst                            |     0.002 |
|       BSCANID.u_xsdbm_id            |     0.002 |
|   p2_ddr3_i                         |     2.619 |
|     axi_bram_ctrl_0_bram            |     0.001 |
|       U0                            |     0.001 |
|     axi_clock_converter_0           |     0.006 |
|       inst                          |     0.006 |
|     axi_uart16550_0                 |     0.001 |
|       U0                            |     0.001 |
|     axi_uart16550_1                 |     0.001 |
|       U0                            |     0.001 |
|     mig_7series_0                   |     2.305 |
|       u_p2_ddr3_mig_7series_0_0_mig |     2.298 |
|     mkP2_Core_1                     |     0.182 |
|       inst                          |     0.182 |
|     smartconnect_0                  |     0.088 |
|       inst                          |     0.088 |
|     system_ila_0                    |     0.033 |
|       inst                          |     0.033 |
+-------------------------------------+-----------+


